<?xml version="1.0" encoding="UTF-8"?>
<testsuite name="ShowCharges" tests="1" skipped="0" failures="0" errors="0" timestamp="2019-10-25T04:49:48" hostname="C02Y309QJG5J" time="0.002">
  <properties/>
  <testcase name="totalCostOfOrder" classname="ShowCharges" time="0.002"/>
  <system-out><![CDATA[]]></system-out>
  <system-err><![CDATA[]]></system-err>
</testsuite>
