<?xml version="1.0" encoding="UTF-8"?>
<testsuite name="AssemblyLine" tests="3" skipped="0" failures="0" errors="0" timestamp="2019-10-28T03:05:34" hostname="C02Y309QJG5J" time="0.0">
  <properties/>
  <testcase name="useCutBlocksInPaintingProcess" classname="AssemblyLine" time="0.0"/>
  <testcase name="satisfiesAndReturnsCompletedOrder" classname="AssemblyLine" time="0.0"/>
  <testcase name="differentShapesCutInSingleOrder" classname="AssemblyLine" time="0.0"/>
  <system-out><![CDATA[]]></system-out>
  <system-err><![CDATA[]]></system-err>
</testsuite>
