<?xml version="1.0" encoding="UTF-8"?>
<testsuite name="TestPaintingDepartment" tests="5" skipped="0" failures="0" errors="0" timestamp="2019-10-13T23:25:40" hostname="C02Y309QJG5J" time="0.007">
  <properties/>
  <testcase name="paintDifferentShapesSameColor" classname="TestPaintingDepartment" time="0.005"/>
  <testcase name="paintsBlueBlock" classname="TestPaintingDepartment" time="0.0"/>
  <testcase name="paintManyBlocks" classname="TestPaintingDepartment" time="0.0"/>
  <testcase name="paintsRedBlock" classname="TestPaintingDepartment" time="0.0"/>
  <testcase name="paintsYellowBlock" classname="TestPaintingDepartment" time="0.0"/>
  <system-out><![CDATA[]]></system-out>
  <system-err><![CDATA[]]></system-err>
</testsuite>
