<?xml version="1.0" encoding="UTF-8"?>
<testsuite name="UsesCustomerOrderToCreate" tests="2" skipped="0" failures="0" errors="0" timestamp="2019-10-18T00:15:04" hostname="C02Y309QJG5J" time="0.001">
  <properties/>
  <testcase name="paintingOrder" classname="UsesCustomerOrderToCreate" time="0.001"/>
  <testcase name="cuttingOrder" classname="UsesCustomerOrderToCreate" time="0.0"/>
  <system-out><![CDATA[]]></system-out>
  <system-err><![CDATA[]]></system-err>
</testsuite>
