<?xml version="1.0" encoding="UTF-8"?>
<testsuite name="CuttingDepartmentReturns" tests="2" skipped="0" failures="0" errors="0" timestamp="2019-10-15T21:43:08" hostname="C02Y309QJG5J" time="0.0">
  <properties/>
  <testcase name="shapesInSpecifiedArrangement" classname="CuttingDepartmentReturns" time="0.0"/>
  <testcase name="manyDifferentShapesCut" classname="CuttingDepartmentReturns" time="0.0"/>
  <system-out><![CDATA[]]></system-out>
  <system-err><![CDATA[]]></system-err>
</testsuite>
