<?xml version="1.0" encoding="UTF-8"?>
<testsuite name="InteractionBetweenDepartments" tests="4" skipped="0" failures="0" errors="0" timestamp="2019-10-21T05:01:54" hostname="C02Y309QJG5J" time="0.002">
  <properties/>
  <testcase name="shapesInSpecifiedArrangement" classname="InteractionBetweenDepartments" time="0.0"/>
  <testcase name="manyDifferentShapesCut" classname="InteractionBetweenDepartments" time="0.001"/>
  <testcase name="analysesAndReturnsCompletedOrder" classname="InteractionBetweenDepartments" time="0.0"/>
  <testcase name="cutsBlocksToSatisfyPaintingOrder" classname="InteractionBetweenDepartments" time="0.001"/>
  <system-out><![CDATA[]]></system-out>
  <system-err><![CDATA[]]></system-err>
</testsuite>
