<?xml version="1.0" encoding="UTF-8"?>
<testsuite name="TestPaintingDepartment" tests="3" skipped="0" failures="0" errors="0" timestamp="2019-10-07T04:01:56" hostname="C02Y309QJG5J" time="0.003">
  <properties/>
  <testcase name="paintBlockBlue" classname="TestPaintingDepartment" time="0.002"/>
  <testcase name="paintBlockYellow" classname="TestPaintingDepartment" time="0.0"/>
  <testcase name="paintBlockRed" classname="TestPaintingDepartment" time="0.0"/>
  <system-out><![CDATA[]]></system-out>
  <system-err><![CDATA[]]></system-err>
</testsuite>
