<?xml version="1.0" encoding="UTF-8"?>
<testsuite name="SupplyBlocksByShape" tests="4" skipped="0" failures="0" errors="0" timestamp="2019-10-25T04:32:18" hostname="C02Y309QJG5J" time="0.003">
  <properties/>
  <testcase name="manyBlocksWithSameShape" classname="SupplyBlocksByShape" time="0.001"/>
  <testcase name="aCircleBlock" classname="SupplyBlocksByShape" time="0.0"/>
  <testcase name="aSquareBlock" classname="SupplyBlocksByShape" time="0.001"/>
  <testcase name="aTriangleBlock" classname="SupplyBlocksByShape" time="0.0"/>
  <system-out><![CDATA[]]></system-out>
  <system-err><![CDATA[]]></system-err>
</testsuite>
