<?xml version="1.0" encoding="UTF-8"?>
<testsuite name="TestPaintingDepartment" tests="1" skipped="0" failures="0" errors="0" timestamp="2019-10-07T03:54:35" hostname="C02Y309QJG5J" time="0.003">
  <properties/>
  <testcase name="paintOneBlock" classname="TestPaintingDepartment" time="0.003"/>
  <system-out><![CDATA[]]></system-out>
  <system-err><![CDATA[]]></system-err>
</testsuite>
