<?xml version="1.0" encoding="UTF-8"?>
<testsuite name="ManufacturingProcess" tests="2" skipped="0" failures="0" errors="0" timestamp="2019-10-14T04:44:55" hostname="C02Y309QJG5J" time="0.003">
  <properties/>
  <testcase name="usesCutBlocksToSatisfyPaintingOrder" classname="ManufacturingProcess" time="0.003"/>
  <testcase name="analysesAndReturnsCompletedOrder" classname="ManufacturingProcess" time="0.0"/>
  <system-out><![CDATA[]]></system-out>
  <system-err><![CDATA[]]></system-err>
</testsuite>
