<?xml version="1.0" encoding="UTF-8"?>
<testsuite name="TestCuttingDepartment" tests="3" skipped="0" failures="0" errors="0" timestamp="2019-10-06T23:57:09" hostname="C02Y309QJG5J" time="0.002">
  <properties/>
  <testcase name="cutsCircleBlock" classname="TestCuttingDepartment" time="0.002"/>
  <testcase name="cutsSquareBlock" classname="TestCuttingDepartment" time="0.0"/>
  <testcase name="cutsTriangleBlock" classname="TestCuttingDepartment" time="0.0"/>
  <system-out><![CDATA[]]></system-out>
  <system-err><![CDATA[]]></system-err>
</testsuite>
