<?xml version="1.0" encoding="UTF-8"?>
<testsuite name="ChangeBlockColor" tests="5" skipped="0" failures="0" errors="0" timestamp="2019-10-24T03:32:17" hostname="C02Y309QJG5J" time="0.009">
  <properties/>
  <testcase name="manyRedBlocks" classname="ChangeBlockColor" time="0.001"/>
  <testcase name="differentShapedBlocksAllSameColor" classname="ChangeBlockColor" time="0.002"/>
  <testcase name="aRedBlock" classname="ChangeBlockColor" time="0.001"/>
  <testcase name="aYellowBlock" classname="ChangeBlockColor" time="0.0"/>
  <testcase name="aBlueBlock" classname="ChangeBlockColor" time="0.0"/>
  <system-out><![CDATA[]]></system-out>
  <system-err><![CDATA[]]></system-err>
</testsuite>
