<?xml version="1.0" encoding="UTF-8"?>
<testsuite name="TestClerk" tests="4" skipped="0" failures="0" errors="0" timestamp="2019-10-10T03:32:50" hostname="C02Y309QJG5J" time="0.012">
  <properties/>
  <testcase name="createsOrder" classname="TestClerk" time="0.006"/>
  <testcase name="createsCustomer" classname="TestClerk" time="0.0"/>
  <testcase name="testDrawingBlueprints" classname="TestClerk" time="0.003"/>
  <testcase name="sendsCustomerOrderToShop_ReceivesBlocks" classname="TestClerk" time="0.001"/>
  <system-out><![CDATA[RED SQUARE: 
BLUE SQUARE: 
YELLOW SQUARE: 
RED CIRCLE: 
BLUE CIRCLE: 
YELLOW CIRCLE: 
RED TRIANGLE: 
BLUE TRIANGLE: 
YELLOW TRIANGLE: 
]]></system-out>
  <system-err><![CDATA[]]></system-err>
</testsuite>
