<?xml version="1.0" encoding="UTF-8"?>
<testsuite name="ConveyorBelt" tests="2" skipped="0" failures="0" errors="0" timestamp="2019-10-15T01:29:26" hostname="C02Y309QJG5J" time="0.001">
  <properties/>
  <testcase name="usesCutBlocksToSatisfyPaintingOrder" classname="ConveyorBelt" time="0.001"/>
  <testcase name="analysesAndReturnsCompletedOrder" classname="ConveyorBelt" time="0.0"/>
  <system-out><![CDATA[]]></system-out>
  <system-err><![CDATA[]]></system-err>
</testsuite>
