<?xml version="1.0" encoding="UTF-8"?>
<testsuite name="TestToyBlockFactory" tests="3" skipped="0" failures="0" errors="0" timestamp="2019-10-07T05:43:10" hostname="C02Y309QJG5J" time="0.001">
  <properties/>
  <testcase name="getManyDifferentBlocksCut" classname="TestToyBlockFactory" time="0.001"/>
  <testcase name="returnsDifferentShapesInOrder" classname="TestToyBlockFactory" time="0.0"/>
  <testcase name="paintAllBlocksInOrder" classname="TestToyBlockFactory" time="0.0"/>
  <system-out><![CDATA[]]></system-out>
  <system-err><![CDATA[]]></system-err>
</testsuite>
