<?xml version="1.0" encoding="UTF-8"?>
<testsuite name="ProgramReturns" tests="1" skipped="0" failures="0" errors="0" timestamp="2019-10-15T21:43:08" hostname="C02Y309QJG5J" time="0.001">
  <properties/>
  <testcase name="totalCostOfOrder" classname="ProgramReturns" time="0.001"/>
  <system-out><![CDATA[Welcome to the Toy Block Factory!
Please input your name: 
Please input your address: 
RED SQUARE: 
BLUE SQUARE: 
YELLOW SQUARE: 
RED TRIANGLE: 
BLUE TRIANGLE: 
YELLOW TRIANGLE: 
RED CIRCLE: 
BLUE CIRCLE: 
YELLOW CIRCLE: 
]]></system-out>
  <system-err><![CDATA[]]></system-err>
</testsuite>
