<?xml version="1.0" encoding="UTF-8"?>
<testsuite name="SupplyBlockByShape" tests="4" skipped="0" failures="0" errors="0" timestamp="2019-10-23T05:18:43" hostname="C02Y309QJG5J" time="0.002">
  <properties/>
  <testcase name="manyBlocksWithSameShape" classname="SupplyBlockByShape" time="0.001"/>
  <testcase name="aCircleBlock" classname="SupplyBlockByShape" time="0.0"/>
  <testcase name="aSquareBlock" classname="SupplyBlockByShape" time="0.001"/>
  <testcase name="aTriangleBlock" classname="SupplyBlockByShape" time="0.0"/>
  <system-out><![CDATA[]]></system-out>
  <system-err><![CDATA[]]></system-err>
</testsuite>
