<?xml version="1.0" encoding="UTF-8"?>
<testsuite name="TestClerk" tests="3" skipped="0" failures="0" errors="0" timestamp="2019-10-10T01:27:09" hostname="C02Y309QJG5J" time="0.005">
  <properties/>
  <testcase name="createsOrder" classname="TestClerk" time="0.004"/>
  <testcase name="createsCustomer" classname="TestClerk" time="0.001"/>
  <testcase name="sendsCustomerOrderToShop_ReceivesBlocks" classname="TestClerk" time="0.0"/>
  <system-out><![CDATA[]]></system-out>
  <system-err><![CDATA[]]></system-err>
</testsuite>
