<?xml version="1.0" encoding="UTF-8"?>
<testsuite name="ClerkMayCreate" tests="3" skipped="0" failures="0" errors="0" timestamp="2019-10-15T21:43:08" hostname="C02Y309QJG5J" time="0.006">
  <properties/>
  <testcase name="someBlueprints" classname="ClerkMayCreate" time="0.005"/>
  <testcase name="aNewCustomer" classname="ClerkMayCreate" time="0.001"/>
  <testcase name="anOrder" classname="ClerkMayCreate" time="0.0"/>
  <system-out><![CDATA[RED SQUARE: 
BLUE SQUARE: 
YELLOW SQUARE: 
RED TRIANGLE: 
BLUE TRIANGLE: 
YELLOW TRIANGLE: 
RED CIRCLE: 
BLUE CIRCLE: 
YELLOW CIRCLE: 
Welcome to the Toy Block Factory!
Please input your name: 
Please input your address: 
]]></system-out>
  <system-err><![CDATA[]]></system-err>
</testsuite>
