<?xml version="1.0" encoding="UTF-8"?>
<testsuite name="AccountantCanCalculate" tests="8" skipped="0" failures="0" errors="0" timestamp="2019-10-22T23:11:51" hostname="C02Y309QJG5J" time="0.003">
  <properties/>
  <testcase name="redPaintSurcharge" classname="AccountantCanCalculate" time="0.001"/>
  <testcase name="assortedBlockOrder" classname="AccountantCanCalculate" time="0.0"/>
  <testcase name="eachShapeInSingleOrder" classname="AccountantCanCalculate" time="0.0"/>
  <testcase name="circleCost" classname="AccountantCanCalculate" time="0.0"/>
  <testcase name="triangleCost" classname="AccountantCanCalculate" time="0.0"/>
  <testcase name="assortedOrderWithRedBlocks" classname="AccountantCanCalculate" time="0.0"/>
  <testcase name="multipleOfTheSameBlock" classname="AccountantCanCalculate" time="0.0"/>
  <testcase name="squareCost" classname="AccountantCanCalculate" time="0.0"/>
  <system-out><![CDATA[]]></system-out>
  <system-err><![CDATA[]]></system-err>
</testsuite>
