<?xml version="1.0" encoding="UTF-8"?>
<testsuite name="ProgramReturns" tests="1" skipped="0" failures="0" errors="0" timestamp="2019-10-23T05:18:43" hostname="C02Y309QJG5J" time="0.001">
  <properties/>
  <testcase name="totalCostOfOrder" classname="ProgramReturns" time="0.001"/>
  <system-out><![CDATA[]]></system-out>
  <system-err><![CDATA[]]></system-err>
</testsuite>
