<?xml version="1.0" encoding="UTF-8"?>
<testsuite name="TestCuttingDepartment" tests="4" skipped="0" failures="0" errors="0" timestamp="2019-10-14T06:00:21" hostname="C02Y309QJG5J" time="0.0">
  <properties/>
  <testcase name="cutsCircleBlock" classname="TestCuttingDepartment" time="0.0"/>
  <testcase name="cutsSquareBlock" classname="TestCuttingDepartment" time="0.0"/>
  <testcase name="returnsManyBlocks" classname="TestCuttingDepartment" time="0.0"/>
  <testcase name="cutsTriangleBlock" classname="TestCuttingDepartment" time="0.0"/>
  <system-out><![CDATA[]]></system-out>
  <system-err><![CDATA[]]></system-err>
</testsuite>
