<?xml version="1.0" encoding="UTF-8"?>
<testsuite name="ClerkMayCreate" tests="3" skipped="0" failures="0" errors="0" timestamp="2019-10-23T02:52:16" hostname="C02Y309QJG5J" time="0.001">
  <properties/>
  <testcase name="someBlueprints" classname="ClerkMayCreate" time="0.0"/>
  <testcase name="aNewCustomer" classname="ClerkMayCreate" time="0.0"/>
  <testcase name="anOrder" classname="ClerkMayCreate" time="0.0"/>
  <system-out><![CDATA[]]></system-out>
  <system-err><![CDATA[]]></system-err>
</testsuite>
