<?xml version="1.0" encoding="UTF-8"?>
<testsuite name="PaintingDepartmentReturns" tests="2" skipped="0" failures="0" errors="0" timestamp="2019-10-14T22:41:02" hostname="C02Y309QJG5J" time="0.006">
  <properties/>
  <testcase name="usesCutBlocksToSatisfyPaintingOrder" classname="PaintingDepartmentReturns" time="0.005"/>
  <testcase name="analysesAndReturnsCompletedOrder" classname="PaintingDepartmentReturns" time="0.0"/>
  <system-out><![CDATA[]]></system-out>
  <system-err><![CDATA[]]></system-err>
</testsuite>
