<?xml version="1.0" encoding="UTF-8"?>
<testsuite name="TestToyBlockFactory" tests="1" skipped="0" failures="0" errors="0" timestamp="2019-10-08T00:56:50" hostname="C02Y309QJG5J" time="0.005">
  <properties/>
  <testcase name="interpretCustomerOrderToCreateCuttingOrder" classname="TestToyBlockFactory" time="0.005"/>
  <system-out><![CDATA[]]></system-out>
  <system-err><![CDATA[]]></system-err>
</testsuite>
