<?xml version="1.0" encoding="UTF-8"?>
<testsuite name="TestClerk" tests="4" skipped="0" failures="0" errors="0" timestamp="2019-10-14T04:33:10" hostname="C02Y309QJG5J" time="0.013">
  <properties/>
  <testcase name="createsOrder" classname="TestClerk" time="0.008"/>
  <testcase name="createsCustomer" classname="TestClerk" time="0.0"/>
  <testcase name="testDrawingBlueprints" classname="TestClerk" time="0.004"/>
  <testcase name="sendsCustomerOrderToShop_ReceivesBlocks" classname="TestClerk" time="0.0"/>
  <system-out><![CDATA[RED SQUARE: 
BLUE SQUARE: 
YELLOW SQUARE: 
RED TRIANGLE: 
BLUE TRIANGLE: 
YELLOW TRIANGLE: 
RED CIRCLE: 
BLUE CIRCLE: 
YELLOW CIRCLE: 
]]></system-out>
  <system-err><![CDATA[]]></system-err>
</testsuite>
