<?xml version="1.0" encoding="UTF-8"?>
<testsuite name="TestToyBlockFactory" tests="4" skipped="0" failures="0" errors="0" timestamp="2019-10-08T02:32:21" hostname="C02Y309QJG5J" time="0.003">
  <properties/>
  <testcase name="interpretCustomerOrderToCreateCuttingOrder" classname="TestToyBlockFactory" time="0.003"/>
  <testcase name="getManyDifferentBlocksCut" classname="TestToyBlockFactory" time="0.0"/>
  <testcase name="returnsDifferentShapesInOrder" classname="TestToyBlockFactory" time="0.0"/>
  <testcase name="paintAllBlocksInOrder" classname="TestToyBlockFactory" time="0.0"/>
  <system-out><![CDATA[]]></system-out>
  <system-err><![CDATA[]]></system-err>
</testsuite>
