<?xml version="1.0" encoding="UTF-8"?>
<testsuite name="TestShop" tests="1" skipped="0" failures="0" errors="0" timestamp="2019-10-13T23:25:40" hostname="C02Y309QJG5J" time="0.0">
  <properties/>
  <testcase name="sendsCustomerOrder_ReceivesBlocks" classname="TestShop" time="0.0"/>
  <system-out><![CDATA[]]></system-out>
  <system-err><![CDATA[]]></system-err>
</testsuite>
